20:18:13 **** Build of configuration Debug for project F103_eclipce ****
make all 
'Building file: ../startup/startup_stm32.s'
'Invoking: MCU GCC Assembler'
C:\Users\hiroyuki\Documents\RoboCon\STM32\Eclipce\F103_eclipce\Debug
arm-none-eabi-as -mcpu=cortex-m3 -mthumb -mfloat-abi=soft -I"C:/Users/hiroyuki/Documents/RoboCon/STM32/Eclipce/F103_eclipce/inc" -g -o "startup/startup_stm32.o" "../startup/startup_stm32.s"
'Finished building: ../startup/startup_stm32.s'
' '
'Building file: ../startup/sysmem.c'
'Invoking: MCU GCC Compiler'
C:\Users\hiroyuki\Documents\RoboCon\STM32\Eclipce\F103_eclipce\Debug
arm-none-eabi-gcc -mcpu=cortex-m3 -mthumb -mfloat-abi=soft -DSTM32F1 -DSTM32F103C8Tx -DSTM32 -DDEBUG -I"C:/Users/hiroyuki/Documents/RoboCon/STM32/Eclipce/F103_eclipce/inc" -O0 -g3 -Wall -fmessage-length=0 -ffunction-sections -c -MMD -MP -MF"startup/sysmem.d" -MT"startup/sysmem.o" -o "startup/sysmem.o" "../startup/sysmem.c"
'Finished building: ../startup/sysmem.c'
' '
'Building target: F103_eclipce.elf'
'Invoking: MCU G++ Linker'
arm-none-eabi-g++ -mcpu=cortex-m3 -mthumb -mfloat-abi=soft -T"C:\Users\hiroyuki\Documents\RoboCon\STM32\Eclipce\F103_eclipce\LinkerScript.ld" -Wl,-Map=output.map -Wl,--gc-sections -fno-exceptions -fno-rtti -lm -o "F103_eclipce.elf" @"objects.list"  
startup/startup_stm32.o: In function `LoopFillZerobss':
C:\Users\hiroyuki\Documents\RoboCon\STM32\Eclipce\F103_eclipce\Debug/../startup/startup_stm32.s:78: undefined reference to `main'
collect2.exe: error: ld returned 1 exit status
make: *** [F103_eclipce.elf] Error 1

20:18:14 Build Finished (took 636ms)

